<?xml version="1.0" encoding="UTF-8"?>
<!-- Generated by org.testng.reporters.JUnitReportReporter -->
<testsuite hostname="LAPTOP-MHHII9KP" failures="0" tests="1" name="runner.Lab1Runner" time="7.901" errors="0" timestamp="2025-03-06T23:26:25 IST" skipped="0">
  <testcase classname="runner.Lab1Runner" name="runScenario" time="7.901"/>
  <system-out/>
</testsuite> <!-- runner.Lab1Runner -->
