<?xml version="1.0" encoding="UTF-8"?>
<!-- Generated by org.testng.reporters.JUnitReportReporter -->
<testsuite hostname="LAPTOP-MHHII9KP" failures="0" tests="1" name="runner.CartRunner" time="18.242" errors="0" timestamp="2025-03-10T19:22:44 IST" skipped="0">
  <testcase classname="runner.CartRunner" name="runScenario" time="18.242"/>
  <system-out/>
</testsuite> <!-- runner.CartRunner -->
